0 info it worked if it ends with ok
1 verbose cli [ '/usr/bin/nodejs', '/usr/bin/npm', 'start' ]
2 info using npm@4.1.1
3 info using node@v6.3.1
4 verbose run-script [ 'prestart', 'start', 'poststart' ]
5 info lifecycle ng2-start@1.0.0~prestart: ng2-start@1.0.0
6 silly lifecycle ng2-start@1.0.0~prestart: no script for prestart, continuing
7 info lifecycle ng2-start@1.0.0~start: ng2-start@1.0.0
8 verbose lifecycle ng2-start@1.0.0~start: unsafe-perm in lifecycle true
9 verbose lifecycle ng2-start@1.0.0~start: PATH: /usr/lib/node_modules/npm/bin/node-gyp-bin:/var/www/html/project/angular/ng2-start/node_modules/.bin:/usr/local/bin:/usr/bin:/bin:/usr/local/games:/usr/games:/usr/lib/jvm/java-8-oracle/bin:/home/lalen/ant/apache-ant-1.7.4/bin:/var/www/html/files/android-sdk-linux/platform-tools:/var/www/html/files/android-sdk-linux/tools:/usr/lib/jvm/java-8-oracle/bin:/home/lalen/ant/apache-ant-1.7.4/bin:/var/www/html/files/android-sdk-linux/platform-tools:/var/www/html/files/android-sdk-linux/tools
10 verbose lifecycle ng2-start@1.0.0~start: CWD: /var/www/html/project/angular/ng2-start
11 silly lifecycle ng2-start@1.0.0~start: Args: [ '-c', 'tsc && concurrently " npm run tsc:w" " npm run lite' ]
12 silly lifecycle ng2-start@1.0.0~start: Returned: code: 2  signal: null
13 info lifecycle ng2-start@1.0.0~start: Failed to exec start script
14 verbose stack Error: ng2-start@1.0.0 start: `tsc && concurrently " npm run tsc:w" " npm run lite`
14 verbose stack Exit status 2
14 verbose stack     at EventEmitter.<anonymous> (/usr/lib/node_modules/npm/lib/utils/lifecycle.js:279:16)
14 verbose stack     at emitTwo (events.js:106:13)
14 verbose stack     at EventEmitter.emit (events.js:191:7)
14 verbose stack     at ChildProcess.<anonymous> (/usr/lib/node_modules/npm/lib/utils/spawn.js:40:14)
14 verbose stack     at emitTwo (events.js:106:13)
14 verbose stack     at ChildProcess.emit (events.js:191:7)
14 verbose stack     at maybeClose (internal/child_process.js:852:16)
14 verbose stack     at Process.ChildProcess._handle.onexit (internal/child_process.js:215:5)
15 verbose pkgid ng2-start@1.0.0
16 verbose cwd /var/www/html/project/angular/ng2-start
17 error Linux 4.4.0-3-deepin-amd64
18 error argv "/usr/bin/nodejs" "/usr/bin/npm" "start"
19 error node v6.3.1
20 error npm  v4.1.1
21 error code ELIFECYCLE
22 error ng2-start@1.0.0 start: `tsc && concurrently " npm run tsc:w" " npm run lite`
22 error Exit status 2
23 error Failed at the ng2-start@1.0.0 start script 'tsc && concurrently " npm run tsc:w" " npm run lite'.
23 error Make sure you have the latest version of node.js and npm installed.
23 error If you do, this is most likely a problem with the ng2-start package,
23 error not with npm itself.
23 error Tell the author that this fails on your system:
23 error     tsc && concurrently " npm run tsc:w" " npm run lite
23 error You can get information on how to open an issue for this project with:
23 error     npm bugs ng2-start
23 error Or if that isn't available, you can get their info via:
23 error     npm owner ls ng2-start
23 error There is likely additional logging output above.
24 verbose exit [ 1, true ]
